  Scanning sources for module dependencies...
  externs.h
  Compiling...
  externs.h
C:\Users\ourko\Downloads\nyxia_ext\YoruBlox-main\YoruBlox-main\Roblox\Lua State\externs.h(24,103): warning C4200: nonstandard extension used: zero-sized array in struct/union
  Driver.cpp
  entry.cpp
  lapi.cpp
C:\Users\ourko\Downloads\nyxia_ext\YoruBlox-main\YoruBlox-main\Luau\source\lobject.h(104,28): warning C4244: 'return': conversion from 'uintptr_t' to 'int', possible loss of data
C:\Users\ourko\Downloads\nyxia_ext\YoruBlox-main\YoruBlox-main\Luau\source\lobject.h(511,5): error C4002: too many arguments for function-like macro invocation 'LUAVM_SHUFFLE5'
C:\Users\ourko\Downloads\nyxia_ext\YoruBlox-main\YoruBlox-main\Luau\source\lobject.h(527,5): error C4002: too many arguments for function-like macro invocation 'LUAVM_SHUFFLE4'
C:\Users\ourko\Downloads\nyxia_ext\YoruBlox-main\YoruBlox-main\Luau\source\lstate.h(21,5): error C4002: too many arguments for function-like macro invocation 'LUAVM_SHUFFLE3'
C:\Users\ourko\Downloads\nyxia_ext\YoruBlox-main\YoruBlox-main\Luau\source\lstate.h(31,5): error C4002: too many arguments for function-like macro invocation 'LUAVM_SHUFFLE4'
C:\Users\ourko\Downloads\nyxia_ext\YoruBlox-main\YoruBlox-main\Luau\source\lstate.h(149,5): error C4002: too many arguments for function-like macro invocation 'LUAVM_SHUFFLE5'
C:\Users\ourko\Downloads\nyxia_ext\YoruBlox-main\YoruBlox-main\Luau\source\lstate.h(164,5): error C4002: too many arguments for function-like macro invocation 'LUAVM_SHUFFLE5'
C:\Users\ourko\Downloads\nyxia_ext\YoruBlox-main\YoruBlox-main\Luau\source\lstate.h(209,5): error C4002: too many arguments for function-like macro invocation 'LUAVM_SHUFFLE6'
C:\Users\ourko\Downloads\nyxia_ext\YoruBlox-main\YoruBlox-main\Luau\source\lapi.cpp(95,70): warning C4312: 'type cast': conversion from 'int' to 'TValue *' of greater size
C:\Users\ourko\Downloads\nyxia_ext\YoruBlox-main\YoruBlox-main\Luau\source\lapi.cpp(107,20): warning C4312: 'type cast': conversion from 'int' to 'TValue *' of greater size
C:\Users\ourko\Downloads\nyxia_ext\YoruBlox-main\YoruBlox-main\Luau\source\lapi.cpp(125,18): warning C4312: 'type cast': conversion from 'int' to 'TValue *' of greater size
C:\Users\ourko\Downloads\nyxia_ext\YoruBlox-main\YoruBlox-main\Luau\source\lapi.cpp(230,5): warning C4312: 'type cast': conversion from 'int' to 'TValue *' of greater size
C:\Users\ourko\Downloads\nyxia_ext\YoruBlox-main\YoruBlox-main\Luau\source\lapi.cpp(240,5): warning C4312: 'type cast': conversion from 'int' to 'TValue *' of greater size
C:\Users\ourko\Downloads\nyxia_ext\YoruBlox-main\YoruBlox-main\Luau\source\lapi.cpp(251,5): warning C4312: 'type cast': conversion from 'int' to 'TValue *' of greater size
C:\Users\ourko\Downloads\nyxia_ext\YoruBlox-main\YoruBlox-main\Luau\source\lapi.cpp(289,18): warning C4312: 'type cast': conversion from 'int' to 'TValue *' of greater size
C:\Users\ourko\Downloads\nyxia_ext\YoruBlox-main\YoruBlox-main\Luau\source\lapi.cpp(332,19): warning C4312: 'type cast': conversion from 'int' to 'TValue *' of greater size
C:\Users\ourko\Downloads\nyxia_ext\YoruBlox-main\YoruBlox-main\Luau\source\lapi.cpp(332,43): warning C4312: 'type cast': conversion from 'int' to 'TValue *' of greater size
C:\Users\ourko\Downloads\nyxia_ext\YoruBlox-main\YoruBlox-main\Luau\source\lapi.cpp(341,16): warning C4312: 'type cast': conversion from 'int' to 'TValue *' of greater size
C:\Users\ourko\Downloads\nyxia_ext\YoruBlox-main\YoruBlox-main\Luau\source\lapi.cpp(341,40): warning C4312: 'type cast': conversion from 'int' to 'TValue *' of greater size
C:\Users\ourko\Downloads\nyxia_ext\YoruBlox-main\YoruBlox-main\Luau\source\lapi.cpp(351,16): warning C4312: 'type cast': conversion from 'int' to 'TValue *' of greater size
C:\Users\ourko\Downloads\nyxia_ext\YoruBlox-main\YoruBlox-main\Luau\source\lapi.cpp(351,40): warning C4312: 'type cast': conversion from 'int' to 'TValue *' of greater size
C:\Users\ourko\Downloads\nyxia_ext\YoruBlox-main\YoruBlox-main\Luau\source\lapi.cpp(675,5): warning C4312: 'type cast': conversion from 'int' to 'TValue *' of greater size
C:\Users\ourko\Downloads\nyxia_ext\YoruBlox-main\YoruBlox-main\Luau\source\lapi.cpp(684,5): warning C4312: 'type cast': conversion from 'int' to 'TValue *' of greater size
C:\Users\ourko\Downloads\nyxia_ext\YoruBlox-main\YoruBlox-main\Luau\source\lapi.cpp(786,5): warning C4312: 'type cast': conversion from 'int' to 'TValue *' of greater size
C:\Users\ourko\Downloads\nyxia_ext\YoruBlox-main\YoruBlox-main\Luau\source\lapi.cpp(810,5): warning C4312: 'type cast': conversion from 'int' to 'TValue *' of greater size
C:\Users\ourko\Downloads\nyxia_ext\YoruBlox-main\YoruBlox-main\Luau\source\lapi.cpp(819,5): warning C4312: 'type cast': conversion from 'int' to 'TValue *' of greater size
C:\Users\ourko\Downloads\nyxia_ext\YoruBlox-main\YoruBlox-main\Luau\source\lapi.cpp(866,5): warning C4312: 'type cast': conversion from 'int' to 'TValue *' of greater size
C:\Users\ourko\Downloads\nyxia_ext\YoruBlox-main\YoruBlox-main\Luau\source\lapi.cpp(906,5): warning C4312: 'type cast': conversion from 'int' to 'TValue *' of greater size
C:\Users\ourko\Downloads\nyxia_ext\YoruBlox-main\YoruBlox-main\Luau\source\lapi.cpp(977,9): warning C4312: 'type cast': conversion from 'int' to 'TValue *' of greater size
  laux.cpp
C:\Users\ourko\Downloads\nyxia_ext\YoruBlox-main\YoruBlox-main\Luau\source\lobject.h(104,28): warning C4244: 'return': conversion from 'uintptr_t' to 'int', possible loss of data
C:\Users\ourko\Downloads\nyxia_ext\YoruBlox-main\YoruBlox-main\Luau\source\lobject.h(511,5): error C4002: too many arguments for function-like macro invocation 'LUAVM_SHUFFLE5'
C:\Users\ourko\Downloads\nyxia_ext\YoruBlox-main\YoruBlox-main\Luau\source\lobject.h(527,5): error C4002: too many arguments for function-like macro invocation 'LUAVM_SHUFFLE4'
C:\Users\ourko\Downloads\nyxia_ext\YoruBlox-main\YoruBlox-main\Luau\source\lstate.h(21,5): error C4002: too many arguments for function-like macro invocation 'LUAVM_SHUFFLE3'
C:\Users\ourko\Downloads\nyxia_ext\YoruBlox-main\YoruBlox-main\Luau\source\lstate.h(31,5): error C4002: too many arguments for function-like macro invocation 'LUAVM_SHUFFLE4'
C:\Users\ourko\Downloads\nyxia_ext\YoruBlox-main\YoruBlox-main\Luau\source\lstate.h(149,5): error C4002: too many arguments for function-like macro invocation 'LUAVM_SHUFFLE5'
C:\Users\ourko\Downloads\nyxia_ext\YoruBlox-main\YoruBlox-main\Luau\source\lstate.h(164,5): error C4002: too many arguments for function-like macro invocation 'LUAVM_SHUFFLE5'
C:\Users\ourko\Downloads\nyxia_ext\YoruBlox-main\YoruBlox-main\Luau\source\lstate.h(209,5): error C4002: too many arguments for function-like macro invocation 'LUAVM_SHUFFLE6'
  lbaselib.cpp
C:\Users\ourko\Downloads\nyxia_ext\YoruBlox-main\YoruBlox-main\Luau\source\lobject.h(104,28): warning C4244: 'return': conversion from 'uintptr_t' to 'int', possible loss of data
C:\Users\ourko\Downloads\nyxia_ext\YoruBlox-main\YoruBlox-main\Luau\source\lobject.h(511,5): error C4002: too many arguments for function-like macro invocation 'LUAVM_SHUFFLE5'
C:\Users\ourko\Downloads\nyxia_ext\YoruBlox-main\YoruBlox-main\Luau\source\lobject.h(527,5): error C4002: too many arguments for function-like macro invocation 'LUAVM_SHUFFLE4'
C:\Users\ourko\Downloads\nyxia_ext\YoruBlox-main\YoruBlox-main\Luau\source\lstate.h(21,5): error C4002: too many arguments for function-like macro invocation 'LUAVM_SHUFFLE3'
C:\Users\ourko\Downloads\nyxia_ext\YoruBlox-main\YoruBlox-main\Luau\source\lstate.h(31,5): error C4002: too many arguments for function-like macro invocation 'LUAVM_SHUFFLE4'
C:\Users\ourko\Downloads\nyxia_ext\YoruBlox-main\YoruBlox-main\Luau\source\lstate.h(149,5): error C4002: too many arguments for function-like macro invocation 'LUAVM_SHUFFLE5'
C:\Users\ourko\Downloads\nyxia_ext\YoruBlox-main\YoruBlox-main\Luau\source\lstate.h(164,5): error C4002: too many arguments for function-like macro invocation 'LUAVM_SHUFFLE5'
C:\Users\ourko\Downloads\nyxia_ext\YoruBlox-main\YoruBlox-main\Luau\source\lstate.h(209,5): error C4002: too many arguments for function-like macro invocation 'LUAVM_SHUFFLE6'
  lbitlib.cpp
  lbuiltins.cpp
C:\Users\ourko\Downloads\nyxia_ext\YoruBlox-main\YoruBlox-main\Luau\source\lobject.h(104,28): warning C4244: 'return': conversion from 'uintptr_t' to 'int', possible loss of data
C:\Users\ourko\Downloads\nyxia_ext\YoruBlox-main\YoruBlox-main\Luau\source\lobject.h(511,5): error C4002: too many arguments for function-like macro invocation 'LUAVM_SHUFFLE5'
C:\Users\ourko\Downloads\nyxia_ext\YoruBlox-main\YoruBlox-main\Luau\source\lobject.h(527,5): error C4002: too many arguments for function-like macro invocation 'LUAVM_SHUFFLE4'
C:\Users\ourko\Downloads\nyxia_ext\YoruBlox-main\YoruBlox-main\Luau\source\lstate.h(21,5): error C4002: too many arguments for function-like macro invocation 'LUAVM_SHUFFLE3'
C:\Users\ourko\Downloads\nyxia_ext\YoruBlox-main\YoruBlox-main\Luau\source\lstate.h(31,5): error C4002: too many arguments for function-like macro invocation 'LUAVM_SHUFFLE4'
C:\Users\ourko\Downloads\nyxia_ext\YoruBlox-main\YoruBlox-main\Luau\source\lstate.h(149,5): error C4002: too many arguments for function-like macro invocation 'LUAVM_SHUFFLE5'
C:\Users\ourko\Downloads\nyxia_ext\YoruBlox-main\YoruBlox-main\Luau\source\lstate.h(164,5): error C4002: too many arguments for function-like macro invocation 'LUAVM_SHUFFLE5'
C:\Users\ourko\Downloads\nyxia_ext\YoruBlox-main\YoruBlox-main\Luau\source\lstate.h(209,5): error C4002: too many arguments for function-like macro invocation 'LUAVM_SHUFFLE6'
C:\Users\ourko\Downloads\nyxia_ext\YoruBlox-main\YoruBlox-main\Luau\source\lbuiltins.cpp(1200,85): warning C4312: 'type cast': conversion from 'int' to 'TValue *' of greater size
  lcorolib.cpp
C:\Users\ourko\Downloads\nyxia_ext\YoruBlox-main\YoruBlox-main\Luau\source\lobject.h(104,28): warning C4244: 'return': conversion from 'uintptr_t' to 'int', possible loss of data
C:\Users\ourko\Downloads\nyxia_ext\YoruBlox-main\YoruBlox-main\Luau\source\lobject.h(511,5): error C4002: too many arguments for function-like macro invocation 'LUAVM_SHUFFLE5'
C:\Users\ourko\Downloads\nyxia_ext\YoruBlox-main\YoruBlox-main\Luau\source\lobject.h(527,5): error C4002: too many arguments for function-like macro invocation 'LUAVM_SHUFFLE4'
C:\Users\ourko\Downloads\nyxia_ext\YoruBlox-main\YoruBlox-main\Luau\source\lstate.h(21,5): error C4002: too many arguments for function-like macro invocation 'LUAVM_SHUFFLE3'
C:\Users\ourko\Downloads\nyxia_ext\YoruBlox-main\YoruBlox-main\Luau\source\lstate.h(31,5): error C4002: too many arguments for function-like macro invocation 'LUAVM_SHUFFLE4'
C:\Users\ourko\Downloads\nyxia_ext\YoruBlox-main\YoruBlox-main\Luau\source\lstate.h(149,5): error C4002: too many arguments for function-like macro invocation 'LUAVM_SHUFFLE5'
C:\Users\ourko\Downloads\nyxia_ext\YoruBlox-main\YoruBlox-main\Luau\source\lstate.h(164,5): error C4002: too many arguments for function-like macro invocation 'LUAVM_SHUFFLE5'
C:\Users\ourko\Downloads\nyxia_ext\YoruBlox-main\YoruBlox-main\Luau\source\lstate.h(209,5): error C4002: too many arguments for function-like macro invocation 'LUAVM_SHUFFLE6'
  ldblib.cpp
C:\Users\ourko\Downloads\nyxia_ext\YoruBlox-main\YoruBlox-main\Luau\source\lobject.h(104,28): warning C4244: 'return': conversion from 'uintptr_t' to 'int', possible loss of data
C:\Users\ourko\Downloads\nyxia_ext\YoruBlox-main\YoruBlox-main\Luau\source\lobject.h(511,5): error C4002: too many arguments for function-like macro invocation 'LUAVM_SHUFFLE5'
C:\Users\ourko\Downloads\nyxia_ext\YoruBlox-main\YoruBlox-main\Luau\source\lobject.h(527,5): error C4002: too many arguments for function-like macro invocation 'LUAVM_SHUFFLE4'
  ldebug.cpp
C:\Users\ourko\Downloads\nyxia_ext\YoruBlox-main\YoruBlox-main\Luau\source\lobject.h(104,28): warning C4244: 'return': conversion from 'uintptr_t' to 'int', possible loss of data
C:\Users\ourko\Downloads\nyxia_ext\YoruBlox-main\YoruBlox-main\Luau\source\lobject.h(511,5): error C4002: too many arguments for function-like macro invocation 'LUAVM_SHUFFLE5'
C:\Users\ourko\Downloads\nyxia_ext\YoruBlox-main\YoruBlox-main\Luau\source\lobject.h(527,5): error C4002: too many arguments for function-like macro invocation 'LUAVM_SHUFFLE4'
C:\Users\ourko\Downloads\nyxia_ext\YoruBlox-main\YoruBlox-main\Luau\source\lstate.h(21,5): error C4002: too many arguments for function-like macro invocation 'LUAVM_SHUFFLE3'
C:\Users\ourko\Downloads\nyxia_ext\YoruBlox-main\YoruBlox-main\Luau\source\lstate.h(31,5): error C4002: too many arguments for function-like macro invocation 'LUAVM_SHUFFLE4'
C:\Users\ourko\Downloads\nyxia_ext\YoruBlox-main\YoruBlox-main\Luau\source\lstate.h(149,5): error C4002: too many arguments for function-like macro invocation 'LUAVM_SHUFFLE5'
C:\Users\ourko\Downloads\nyxia_ext\YoruBlox-main\YoruBlox-main\Luau\source\lstate.h(164,5): error C4002: too many arguments for function-like macro invocation 'LUAVM_SHUFFLE5'
C:\Users\ourko\Downloads\nyxia_ext\YoruBlox-main\YoruBlox-main\Luau\source\lstate.h(209,5): error C4002: too many arguments for function-like macro invocation 'LUAVM_SHUFFLE6'
  ldo.cpp
C:\Users\ourko\Downloads\nyxia_ext\YoruBlox-main\YoruBlox-main\Luau\source\lobject.h(104,28): warning C4244: 'return': conversion from 'uintptr_t' to 'int', possible loss of data
C:\Users\ourko\Downloads\nyxia_ext\YoruBlox-main\YoruBlox-main\Luau\source\lobject.h(511,5): error C4002: too many arguments for function-like macro invocation 'LUAVM_SHUFFLE5'
C:\Users\ourko\Downloads\nyxia_ext\YoruBlox-main\YoruBlox-main\Luau\source\lobject.h(527,5): error C4002: too many arguments for function-like macro invocation 'LUAVM_SHUFFLE4'
C:\Users\ourko\Downloads\nyxia_ext\YoruBlox-main\YoruBlox-main\Luau\source\lstate.h(21,5): error C4002: too many arguments for function-like macro invocation 'LUAVM_SHUFFLE3'
C:\Users\ourko\Downloads\nyxia_ext\YoruBlox-main\YoruBlox-main\Luau\source\lstate.h(31,5): error C4002: too many arguments for function-like macro invocation 'LUAVM_SHUFFLE4'
C:\Users\ourko\Downloads\nyxia_ext\YoruBlox-main\YoruBlox-main\Luau\source\lstate.h(149,5): error C4002: too many arguments for function-like macro invocation 'LUAVM_SHUFFLE5'
C:\Users\ourko\Downloads\nyxia_ext\YoruBlox-main\YoruBlox-main\Luau\source\lstate.h(164,5): error C4002: too many arguments for function-like macro invocation 'LUAVM_SHUFFLE5'
C:\Users\ourko\Downloads\nyxia_ext\YoruBlox-main\YoruBlox-main\Luau\source\lstate.h(209,5): error C4002: too many arguments for function-like macro invocation 'LUAVM_SHUFFLE6'
  lfunc.cpp
C:\Users\ourko\Downloads\nyxia_ext\YoruBlox-main\YoruBlox-main\Luau\source\lobject.h(104,28): warning C4244: 'return': conversion from 'uintptr_t' to 'int', possible loss of data
C:\Users\ourko\Downloads\nyxia_ext\YoruBlox-main\YoruBlox-main\Luau\source\lobject.h(511,5): error C4002: too many arguments for function-like macro invocation 'LUAVM_SHUFFLE5'
C:\Users\ourko\Downloads\nyxia_ext\YoruBlox-main\YoruBlox-main\Luau\source\lobject.h(527,5): error C4002: too many arguments for function-like macro invocation 'LUAVM_SHUFFLE4'
C:\Users\ourko\Downloads\nyxia_ext\YoruBlox-main\YoruBlox-main\Luau\source\lstate.h(21,5): error C4002: too many arguments for function-like macro invocation 'LUAVM_SHUFFLE3'
C:\Users\ourko\Downloads\nyxia_ext\YoruBlox-main\YoruBlox-main\Luau\source\lstate.h(31,5): error C4002: too many arguments for function-like macro invocation 'LUAVM_SHUFFLE4'
C:\Users\ourko\Downloads\nyxia_ext\YoruBlox-main\YoruBlox-main\Luau\source\lstate.h(149,5): error C4002: too many arguments for function-like macro invocation 'LUAVM_SHUFFLE5'
C:\Users\ourko\Downloads\nyxia_ext\YoruBlox-main\YoruBlox-main\Luau\source\lstate.h(164,5): error C4002: too many arguments for function-like macro invocation 'LUAVM_SHUFFLE5'
C:\Users\ourko\Downloads\nyxia_ext\YoruBlox-main\YoruBlox-main\Luau\source\lstate.h(209,5): error C4002: too many arguments for function-like macro invocation 'LUAVM_SHUFFLE6'
  lgc.cpp
C:\Users\ourko\Downloads\nyxia_ext\YoruBlox-main\YoruBlox-main\Luau\source\lobject.h(104,28): warning C4244: 'return': conversion from 'uintptr_t' to 'int', possible loss of data
C:\Users\ourko\Downloads\nyxia_ext\YoruBlox-main\YoruBlox-main\Luau\source\lobject.h(511,5): error C4002: too many arguments for function-like macro invocation 'LUAVM_SHUFFLE5'
C:\Users\ourko\Downloads\nyxia_ext\YoruBlox-main\YoruBlox-main\Luau\source\lobject.h(527,5): error C4002: too many arguments for function-like macro invocation 'LUAVM_SHUFFLE4'
C:\Users\ourko\Downloads\nyxia_ext\YoruBlox-main\YoruBlox-main\Luau\source\lstate.h(21,5): error C4002: too many arguments for function-like macro invocation 'LUAVM_SHUFFLE3'
C:\Users\ourko\Downloads\nyxia_ext\YoruBlox-main\YoruBlox-main\Luau\source\lstate.h(31,5): error C4002: too many arguments for function-like macro invocation 'LUAVM_SHUFFLE4'
C:\Users\ourko\Downloads\nyxia_ext\YoruBlox-main\YoruBlox-main\Luau\source\lstate.h(149,5): error C4002: too many arguments for function-like macro invocation 'LUAVM_SHUFFLE5'
C:\Users\ourko\Downloads\nyxia_ext\YoruBlox-main\YoruBlox-main\Luau\source\lstate.h(164,5): error C4002: too many arguments for function-like macro invocation 'LUAVM_SHUFFLE5'
C:\Users\ourko\Downloads\nyxia_ext\YoruBlox-main\YoruBlox-main\Luau\source\lstate.h(209,5): error C4002: too many arguments for function-like macro invocation 'LUAVM_SHUFFLE6'
  lgcdebug.cpp
C:\Users\ourko\Downloads\nyxia_ext\YoruBlox-main\YoruBlox-main\Luau\source\lobject.h(104,28): warning C4244: 'return': conversion from 'uintptr_t' to 'int', possible loss of data
C:\Users\ourko\Downloads\nyxia_ext\YoruBlox-main\YoruBlox-main\Luau\source\lobject.h(511,5): error C4002: too many arguments for function-like macro invocation 'LUAVM_SHUFFLE5'
C:\Users\ourko\Downloads\nyxia_ext\YoruBlox-main\YoruBlox-main\Luau\source\lobject.h(527,5): error C4002: too many arguments for function-like macro invocation 'LUAVM_SHUFFLE4'
C:\Users\ourko\Downloads\nyxia_ext\YoruBlox-main\YoruBlox-main\Luau\source\lstate.h(21,5): error C4002: too many arguments for function-like macro invocation 'LUAVM_SHUFFLE3'
C:\Users\ourko\Downloads\nyxia_ext\YoruBlox-main\YoruBlox-main\Luau\source\lstate.h(31,5): error C4002: too many arguments for function-like macro invocation 'LUAVM_SHUFFLE4'
C:\Users\ourko\Downloads\nyxia_ext\YoruBlox-main\YoruBlox-main\Luau\source\lstate.h(149,5): error C4002: too many arguments for function-like macro invocation 'LUAVM_SHUFFLE5'
C:\Users\ourko\Downloads\nyxia_ext\YoruBlox-main\YoruBlox-main\Luau\source\lstate.h(164,5): error C4002: too many arguments for function-like macro invocation 'LUAVM_SHUFFLE5'
C:\Users\ourko\Downloads\nyxia_ext\YoruBlox-main\YoruBlox-main\Luau\source\lstate.h(209,5): error C4002: too many arguments for function-like macro invocation 'LUAVM_SHUFFLE6'
  linit.cpp
  lmathlib.cpp
C:\Users\ourko\Downloads\nyxia_ext\YoruBlox-main\YoruBlox-main\Luau\source\lobject.h(104,28): warning C4244: 'return': conversion from 'uintptr_t' to 'int', possible loss of data
C:\Users\ourko\Downloads\nyxia_ext\YoruBlox-main\YoruBlox-main\Luau\source\lobject.h(511,5): error C4002: too many arguments for function-like macro invocation 'LUAVM_SHUFFLE5'
C:\Users\ourko\Downloads\nyxia_ext\YoruBlox-main\YoruBlox-main\Luau\source\lobject.h(527,5): error C4002: too many arguments for function-like macro invocation 'LUAVM_SHUFFLE4'
C:\Users\ourko\Downloads\nyxia_ext\YoruBlox-main\YoruBlox-main\Luau\source\lstate.h(21,5): error C4002: too many arguments for function-like macro invocation 'LUAVM_SHUFFLE3'
C:\Users\ourko\Downloads\nyxia_ext\YoruBlox-main\YoruBlox-main\Luau\source\lstate.h(31,5): error C4002: too many arguments for function-like macro invocation 'LUAVM_SHUFFLE4'
C:\Users\ourko\Downloads\nyxia_ext\YoruBlox-main\YoruBlox-main\Luau\source\lstate.h(149,5): error C4002: too many arguments for function-like macro invocation 'LUAVM_SHUFFLE5'
C:\Users\ourko\Downloads\nyxia_ext\YoruBlox-main\YoruBlox-main\Luau\source\lstate.h(164,5): error C4002: too many arguments for function-like macro invocation 'LUAVM_SHUFFLE5'
C:\Users\ourko\Downloads\nyxia_ext\YoruBlox-main\YoruBlox-main\Luau\source\lstate.h(209,5): error C4002: too many arguments for function-like macro invocation 'LUAVM_SHUFFLE6'
  lmem.cpp
C:\Users\ourko\Downloads\nyxia_ext\YoruBlox-main\YoruBlox-main\Luau\source\lobject.h(104,28): warning C4244: 'return': conversion from 'uintptr_t' to 'int', possible loss of data
C:\Users\ourko\Downloads\nyxia_ext\YoruBlox-main\YoruBlox-main\Luau\source\lobject.h(511,5): error C4002: too many arguments for function-like macro invocation 'LUAVM_SHUFFLE5'
C:\Users\ourko\Downloads\nyxia_ext\YoruBlox-main\YoruBlox-main\Luau\source\lobject.h(527,5): error C4002: too many arguments for function-like macro invocation 'LUAVM_SHUFFLE4'
C:\Users\ourko\Downloads\nyxia_ext\YoruBlox-main\YoruBlox-main\Luau\source\lstate.h(21,5): error C4002: too many arguments for function-like macro invocation 'LUAVM_SHUFFLE3'
C:\Users\ourko\Downloads\nyxia_ext\YoruBlox-main\YoruBlox-main\Luau\source\lstate.h(31,5): error C4002: too many arguments for function-like macro invocation 'LUAVM_SHUFFLE4'
C:\Users\ourko\Downloads\nyxia_ext\YoruBlox-main\YoruBlox-main\Luau\source\lstate.h(149,5): error C4002: too many arguments for function-like macro invocation 'LUAVM_SHUFFLE5'
C:\Users\ourko\Downloads\nyxia_ext\YoruBlox-main\YoruBlox-main\Luau\source\lstate.h(164,5): error C4002: too many arguments for function-like macro invocation 'LUAVM_SHUFFLE5'
C:\Users\ourko\Downloads\nyxia_ext\YoruBlox-main\YoruBlox-main\Luau\source\lstate.h(209,5): error C4002: too many arguments for function-like macro invocation 'LUAVM_SHUFFLE6'
  lnumprint.cpp
  lobject.cpp
C:\Users\ourko\Downloads\nyxia_ext\YoruBlox-main\YoruBlox-main\Luau\source\lobject.h(104,28): warning C4244: 'return': conversion from 'uintptr_t' to 'int', possible loss of data
C:\Users\ourko\Downloads\nyxia_ext\YoruBlox-main\YoruBlox-main\Luau\source\lobject.h(511,5): error C4002: too many arguments for function-like macro invocation 'LUAVM_SHUFFLE5'
C:\Users\ourko\Downloads\nyxia_ext\YoruBlox-main\YoruBlox-main\Luau\source\lobject.h(527,5): error C4002: too many arguments for function-like macro invocation 'LUAVM_SHUFFLE4'
C:\Users\ourko\Downloads\nyxia_ext\YoruBlox-main\YoruBlox-main\Luau\source\lstate.h(21,5): error C4002: too many arguments for function-like macro invocation 'LUAVM_SHUFFLE3'
C:\Users\ourko\Downloads\nyxia_ext\YoruBlox-main\YoruBlox-main\Luau\source\lstate.h(31,5): error C4002: too many arguments for function-like macro invocation 'LUAVM_SHUFFLE4'
C:\Users\ourko\Downloads\nyxia_ext\YoruBlox-main\YoruBlox-main\Luau\source\lstate.h(149,5): error C4002: too many arguments for function-like macro invocation 'LUAVM_SHUFFLE5'
C:\Users\ourko\Downloads\nyxia_ext\YoruBlox-main\YoruBlox-main\Luau\source\lstate.h(164,5): error C4002: too many arguments for function-like macro invocation 'LUAVM_SHUFFLE5'
C:\Users\ourko\Downloads\nyxia_ext\YoruBlox-main\YoruBlox-main\Luau\source\lstate.h(209,5): error C4002: too many arguments for function-like macro invocation 'LUAVM_SHUFFLE6'
  loslib.cpp
  Compiling...
  lperf.cpp
  lstate.cpp
C:\Users\ourko\Downloads\nyxia_ext\YoruBlox-main\YoruBlox-main\Luau\source\lobject.h(104,28): warning C4244: 'return': conversion from 'uintptr_t' to 'int', possible loss of data
C:\Users\ourko\Downloads\nyxia_ext\YoruBlox-main\YoruBlox-main\Luau\source\lobject.h(511,5): error C4002: too many arguments for function-like macro invocation 'LUAVM_SHUFFLE5'
C:\Users\ourko\Downloads\nyxia_ext\YoruBlox-main\YoruBlox-main\Luau\source\lobject.h(527,5): error C4002: too many arguments for function-like macro invocation 'LUAVM_SHUFFLE4'
C:\Users\ourko\Downloads\nyxia_ext\YoruBlox-main\YoruBlox-main\Luau\source\lstate.h(21,5): error C4002: too many arguments for function-like macro invocation 'LUAVM_SHUFFLE3'
C:\Users\ourko\Downloads\nyxia_ext\YoruBlox-main\YoruBlox-main\Luau\source\lstate.h(31,5): error C4002: too many arguments for function-like macro invocation 'LUAVM_SHUFFLE4'
C:\Users\ourko\Downloads\nyxia_ext\YoruBlox-main\YoruBlox-main\Luau\source\lstate.h(149,5): error C4002: too many arguments for function-like macro invocation 'LUAVM_SHUFFLE5'
C:\Users\ourko\Downloads\nyxia_ext\YoruBlox-main\YoruBlox-main\Luau\source\lstate.h(164,5): error C4002: too many arguments for function-like macro invocation 'LUAVM_SHUFFLE5'
C:\Users\ourko\Downloads\nyxia_ext\YoruBlox-main\YoruBlox-main\Luau\source\lstate.h(209,5): error C4002: too many arguments for function-like macro invocation 'LUAVM_SHUFFLE6'
  lstring.cpp
C:\Users\ourko\Downloads\nyxia_ext\YoruBlox-main\YoruBlox-main\Luau\source\lobject.h(104,28): warning C4244: 'return': conversion from 'uintptr_t' to 'int', possible loss of data
C:\Users\ourko\Downloads\nyxia_ext\YoruBlox-main\YoruBlox-main\Luau\source\lobject.h(511,5): error C4002: too many arguments for function-like macro invocation 'LUAVM_SHUFFLE5'
C:\Users\ourko\Downloads\nyxia_ext\YoruBlox-main\YoruBlox-main\Luau\source\lobject.h(527,5): error C4002: too many arguments for function-like macro invocation 'LUAVM_SHUFFLE4'
C:\Users\ourko\Downloads\nyxia_ext\YoruBlox-main\YoruBlox-main\Luau\source\lstate.h(21,5): error C4002: too many arguments for function-like macro invocation 'LUAVM_SHUFFLE3'
C:\Users\ourko\Downloads\nyxia_ext\YoruBlox-main\YoruBlox-main\Luau\source\lstate.h(31,5): error C4002: too many arguments for function-like macro invocation 'LUAVM_SHUFFLE4'
C:\Users\ourko\Downloads\nyxia_ext\YoruBlox-main\YoruBlox-main\Luau\source\lstate.h(149,5): error C4002: too many arguments for function-like macro invocation 'LUAVM_SHUFFLE5'
C:\Users\ourko\Downloads\nyxia_ext\YoruBlox-main\YoruBlox-main\Luau\source\lstate.h(164,5): error C4002: too many arguments for function-like macro invocation 'LUAVM_SHUFFLE5'
C:\Users\ourko\Downloads\nyxia_ext\YoruBlox-main\YoruBlox-main\Luau\source\lstate.h(209,5): error C4002: too many arguments for function-like macro invocation 'LUAVM_SHUFFLE6'
  lstrlib.cpp
C:\Users\ourko\Downloads\nyxia_ext\YoruBlox-main\YoruBlox-main\Luau\source\lobject.h(104,28): warning C4244: 'return': conversion from 'uintptr_t' to 'int', possible loss of data
C:\Users\ourko\Downloads\nyxia_ext\YoruBlox-main\YoruBlox-main\Luau\source\lobject.h(511,5): error C4002: too many arguments for function-like macro invocation 'LUAVM_SHUFFLE5'
C:\Users\ourko\Downloads\nyxia_ext\YoruBlox-main\YoruBlox-main\Luau\source\lobject.h(527,5): error C4002: too many arguments for function-like macro invocation 'LUAVM_SHUFFLE4'
C:\Users\ourko\Downloads\nyxia_ext\YoruBlox-main\YoruBlox-main\Luau\source\lstate.h(21,5): error C4002: too many arguments for function-like macro invocation 'LUAVM_SHUFFLE3'
C:\Users\ourko\Downloads\nyxia_ext\YoruBlox-main\YoruBlox-main\Luau\source\lstate.h(31,5): error C4002: too many arguments for function-like macro invocation 'LUAVM_SHUFFLE4'
C:\Users\ourko\Downloads\nyxia_ext\YoruBlox-main\YoruBlox-main\Luau\source\lstate.h(149,5): error C4002: too many arguments for function-like macro invocation 'LUAVM_SHUFFLE5'
C:\Users\ourko\Downloads\nyxia_ext\YoruBlox-main\YoruBlox-main\Luau\source\lstate.h(164,5): error C4002: too many arguments for function-like macro invocation 'LUAVM_SHUFFLE5'
C:\Users\ourko\Downloads\nyxia_ext\YoruBlox-main\YoruBlox-main\Luau\source\lstate.h(209,5): error C4002: too many arguments for function-like macro invocation 'LUAVM_SHUFFLE6'
  ltable.cpp
C:\Users\ourko\Downloads\nyxia_ext\YoruBlox-main\YoruBlox-main\Luau\source\lobject.h(104,28): warning C4244: 'return': conversion from 'uintptr_t' to 'int', possible loss of data
C:\Users\ourko\Downloads\nyxia_ext\YoruBlox-main\YoruBlox-main\Luau\source\lobject.h(511,5): error C4002: too many arguments for function-like macro invocation 'LUAVM_SHUFFLE5'
C:\Users\ourko\Downloads\nyxia_ext\YoruBlox-main\YoruBlox-main\Luau\source\lobject.h(527,5): error C4002: too many arguments for function-like macro invocation 'LUAVM_SHUFFLE4'
C:\Users\ourko\Downloads\nyxia_ext\YoruBlox-main\YoruBlox-main\Luau\source\lstate.h(21,5): error C4002: too many arguments for function-like macro invocation 'LUAVM_SHUFFLE3'
C:\Users\ourko\Downloads\nyxia_ext\YoruBlox-main\YoruBlox-main\Luau\source\lstate.h(31,5): error C4002: too many arguments for function-like macro invocation 'LUAVM_SHUFFLE4'
C:\Users\ourko\Downloads\nyxia_ext\YoruBlox-main\YoruBlox-main\Luau\source\lstate.h(149,5): error C4002: too many arguments for function-like macro invocation 'LUAVM_SHUFFLE5'
C:\Users\ourko\Downloads\nyxia_ext\YoruBlox-main\YoruBlox-main\Luau\source\lstate.h(164,5): error C4002: too many arguments for function-like macro invocation 'LUAVM_SHUFFLE5'
C:\Users\ourko\Downloads\nyxia_ext\YoruBlox-main\YoruBlox-main\Luau\source\lstate.h(209,5): error C4002: too many arguments for function-like macro invocation 'LUAVM_SHUFFLE6'
C:\Users\ourko\Downloads\nyxia_ext\YoruBlox-main\YoruBlox-main\Luau\source\ltable.cpp(336,19): warning C4312: 'type cast': conversion from 'int' to 'LuaNode *' of greater size
C:\Users\ourko\Downloads\nyxia_ext\YoruBlox-main\YoruBlox-main\Luau\source\ltable.cpp(423,17): warning C4312: 'type cast': conversion from 'int' to 'LuaNode *' of greater size
C:\Users\ourko\Downloads\nyxia_ext\YoruBlox-main\YoruBlox-main\Luau\source\ltable.cpp(429,30): warning C4312: 'type cast': conversion from 'int' to 'LuaNode *' of greater size
C:\Users\ourko\Downloads\nyxia_ext\YoruBlox-main\YoruBlox-main\Luau\source\ltable.cpp(439,29): warning C4312: 'type cast': conversion from 'int' to 'LuaNode *' of greater size
C:\Users\ourko\Downloads\nyxia_ext\YoruBlox-main\YoruBlox-main\Luau\source\ltable.cpp(487,15): warning C4312: 'type cast': conversion from 'int' to 'LuaNode *' of greater size
C:\Users\ourko\Downloads\nyxia_ext\YoruBlox-main\YoruBlox-main\Luau\source\ltable.cpp(497,20): warning C4312: 'type cast': conversion from 'int' to 'LuaNode *' of greater size
C:\Users\ourko\Downloads\nyxia_ext\YoruBlox-main\YoruBlox-main\Luau\source\ltable.cpp(536,37): warning C4312: 'type cast': conversion from 'int' to 'LuaNode *' of greater size
C:\Users\ourko\Downloads\nyxia_ext\YoruBlox-main\YoruBlox-main\Luau\source\ltable.cpp(546,9): warning C4312: 'type cast': conversion from 'int' to 'LuaNode *' of greater size
C:\Users\ourko\Downloads\nyxia_ext\YoruBlox-main\YoruBlox-main\Luau\source\ltable.cpp(589,25): warning C4312: 'type cast': conversion from 'int' to 'LuaNode *' of greater size
C:\Users\ourko\Downloads\nyxia_ext\YoruBlox-main\YoruBlox-main\Luau\source\ltable.cpp(601,16): warning C4312: 'type cast': conversion from 'int' to 'TValue *' of greater size
C:\Users\ourko\Downloads\nyxia_ext\YoruBlox-main\YoruBlox-main\Luau\source\ltable.cpp(604,16): warning C4312: 'type cast': conversion from 'int' to 'TValue *' of greater size
C:\Users\ourko\Downloads\nyxia_ext\YoruBlox-main\YoruBlox-main\Luau\source\ltable.cpp(621,12): warning C4312: 'type cast': conversion from 'int' to 'TValue *' of greater size
C:\Users\ourko\Downloads\nyxia_ext\YoruBlox-main\YoruBlox-main\Luau\source\ltable.cpp(632,16): warning C4312: 'type cast': conversion from 'int' to 'TValue *' of greater size
C:\Users\ourko\Downloads\nyxia_ext\YoruBlox-main\YoruBlox-main\Luau\source\ltable.cpp(655,16): warning C4312: 'type cast': conversion from 'int' to 'TValue *' of greater size
C:\Users\ourko\Downloads\nyxia_ext\YoruBlox-main\YoruBlox-main\Luau\source\ltable.cpp(664,14): warning C4312: 'type cast': conversion from 'int' to 'TValue *' of greater size
C:\Users\ourko\Downloads\nyxia_ext\YoruBlox-main\YoruBlox-main\Luau\source\ltable.cpp(688,14): warning C4312: 'type cast': conversion from 'int' to 'TValue *' of greater size
C:\Users\ourko\Downloads\nyxia_ext\YoruBlox-main\YoruBlox-main\Luau\source\ltable.cpp(702,14): warning C4312: 'type cast': conversion from 'int' to 'TValue *' of greater size
C:\Users\ourko\Downloads\nyxia_ext\YoruBlox-main\YoruBlox-main\Luau\source\ltable.cpp(741,65): warning C4312: 'type cast': conversion from 'int' to 'LuaNode *' of greater size
C:\Users\ourko\Downloads\nyxia_ext\YoruBlox-main\YoruBlox-main\Luau\source\ltable.cpp(771,9): warning C4312: 'type cast': conversion from 'int' to 'LuaNode *' of greater size
C:\Users\ourko\Downloads\nyxia_ext\YoruBlox-main\YoruBlox-main\Luau\source\ltable.cpp(788,15): warning C4312: 'type cast': conversion from 'int' to 'LuaNode *' of greater size
C:\Users\ourko\Downloads\nyxia_ext\YoruBlox-main\YoruBlox-main\Luau\source\ltable.cpp(800,21): warning C4312: 'type cast': conversion from 'int' to 'LuaNode *' of greater size
C:\Users\ourko\Downloads\nyxia_ext\YoruBlox-main\YoruBlox-main\Luau\source\ltable.cpp(824,21): warning C4312: 'type cast': conversion from 'int' to 'LuaNode *' of greater size
  ltablib.cpp
C:\Users\ourko\Downloads\nyxia_ext\YoruBlox-main\YoruBlox-main\Luau\source\lobject.h(104,28): warning C4244: 'return': conversion from 'uintptr_t' to 'int', possible loss of data
C:\Users\ourko\Downloads\nyxia_ext\YoruBlox-main\YoruBlox-main\Luau\source\lobject.h(511,5): error C4002: too many arguments for function-like macro invocation 'LUAVM_SHUFFLE5'
C:\Users\ourko\Downloads\nyxia_ext\YoruBlox-main\YoruBlox-main\Luau\source\lobject.h(527,5): error C4002: too many arguments for function-like macro invocation 'LUAVM_SHUFFLE4'
C:\Users\ourko\Downloads\nyxia_ext\YoruBlox-main\YoruBlox-main\Luau\source\lstate.h(21,5): error C4002: too many arguments for function-like macro invocation 'LUAVM_SHUFFLE3'
C:\Users\ourko\Downloads\nyxia_ext\YoruBlox-main\YoruBlox-main\Luau\source\lstate.h(31,5): error C4002: too many arguments for function-like macro invocation 'LUAVM_SHUFFLE4'
C:\Users\ourko\Downloads\nyxia_ext\YoruBlox-main\YoruBlox-main\Luau\source\lstate.h(149,5): error C4002: too many arguments for function-like macro invocation 'LUAVM_SHUFFLE5'
C:\Users\ourko\Downloads\nyxia_ext\YoruBlox-main\YoruBlox-main\Luau\source\lstate.h(164,5): error C4002: too many arguments for function-like macro invocation 'LUAVM_SHUFFLE5'
C:\Users\ourko\Downloads\nyxia_ext\YoruBlox-main\YoruBlox-main\Luau\source\lstate.h(209,5): error C4002: too many arguments for function-like macro invocation 'LUAVM_SHUFFLE6'
  ltm.cpp
C:\Users\ourko\Downloads\nyxia_ext\YoruBlox-main\YoruBlox-main\Luau\source\lobject.h(104,28): warning C4244: 'return': conversion from 'uintptr_t' to 'int', possible loss of data
C:\Users\ourko\Downloads\nyxia_ext\YoruBlox-main\YoruBlox-main\Luau\source\lobject.h(511,5): error C4002: too many arguments for function-like macro invocation 'LUAVM_SHUFFLE5'
C:\Users\ourko\Downloads\nyxia_ext\YoruBlox-main\YoruBlox-main\Luau\source\lobject.h(527,5): error C4002: too many arguments for function-like macro invocation 'LUAVM_SHUFFLE4'
C:\Users\ourko\Downloads\nyxia_ext\YoruBlox-main\YoruBlox-main\Luau\source\lstate.h(21,5): error C4002: too many arguments for function-like macro invocation 'LUAVM_SHUFFLE3'
C:\Users\ourko\Downloads\nyxia_ext\YoruBlox-main\YoruBlox-main\Luau\source\lstate.h(31,5): error C4002: too many arguments for function-like macro invocation 'LUAVM_SHUFFLE4'
C:\Users\ourko\Downloads\nyxia_ext\YoruBlox-main\YoruBlox-main\Luau\source\lstate.h(149,5): error C4002: too many arguments for function-like macro invocation 'LUAVM_SHUFFLE5'
C:\Users\ourko\Downloads\nyxia_ext\YoruBlox-main\YoruBlox-main\Luau\source\lstate.h(164,5): error C4002: too many arguments for function-like macro invocation 'LUAVM_SHUFFLE5'
C:\Users\ourko\Downloads\nyxia_ext\YoruBlox-main\YoruBlox-main\Luau\source\lstate.h(209,5): error C4002: too many arguments for function-like macro invocation 'LUAVM_SHUFFLE6'
C:\Users\ourko\Downloads\nyxia_ext\YoruBlox-main\YoruBlox-main\Luau\source\ltm.cpp(118,62): warning C4312: 'type cast': conversion from 'int' to 'TValue *' of greater size
  ludata.cpp
C:\Users\ourko\Downloads\nyxia_ext\YoruBlox-main\YoruBlox-main\Luau\source\lobject.h(104,28): warning C4244: 'return': conversion from 'uintptr_t' to 'int', possible loss of data
C:\Users\ourko\Downloads\nyxia_ext\YoruBlox-main\YoruBlox-main\Luau\source\lobject.h(511,5): error C4002: too many arguments for function-like macro invocation 'LUAVM_SHUFFLE5'
C:\Users\ourko\Downloads\nyxia_ext\YoruBlox-main\YoruBlox-main\Luau\source\lobject.h(527,5): error C4002: too many arguments for function-like macro invocation 'LUAVM_SHUFFLE4'
C:\Users\ourko\Downloads\nyxia_ext\YoruBlox-main\YoruBlox-main\Luau\source\lstate.h(21,5): error C4002: too many arguments for function-like macro invocation 'LUAVM_SHUFFLE3'
C:\Users\ourko\Downloads\nyxia_ext\YoruBlox-main\YoruBlox-main\Luau\source\lstate.h(31,5): error C4002: too many arguments for function-like macro invocation 'LUAVM_SHUFFLE4'
C:\Users\ourko\Downloads\nyxia_ext\YoruBlox-main\YoruBlox-main\Luau\source\lstate.h(149,5): error C4002: too many arguments for function-like macro invocation 'LUAVM_SHUFFLE5'
C:\Users\ourko\Downloads\nyxia_ext\YoruBlox-main\YoruBlox-main\Luau\source\lstate.h(164,5): error C4002: too many arguments for function-like macro invocation 'LUAVM_SHUFFLE5'
C:\Users\ourko\Downloads\nyxia_ext\YoruBlox-main\YoruBlox-main\Luau\source\lstate.h(209,5): error C4002: too many arguments for function-like macro invocation 'LUAVM_SHUFFLE6'
  lutf8lib.cpp
  lvmexecute.cpp
C:\Users\ourko\Downloads\nyxia_ext\YoruBlox-main\YoruBlox-main\Luau\source\lobject.h(104,28): warning C4244: 'return': conversion from 'uintptr_t' to 'int', possible loss of data
C:\Users\ourko\Downloads\nyxia_ext\YoruBlox-main\YoruBlox-main\Luau\source\lobject.h(511,5): error C4002: too many arguments for function-like macro invocation 'LUAVM_SHUFFLE5'
C:\Users\ourko\Downloads\nyxia_ext\YoruBlox-main\YoruBlox-main\Luau\source\lobject.h(527,5): error C4002: too many arguments for function-like macro invocation 'LUAVM_SHUFFLE4'
C:\Users\ourko\Downloads\nyxia_ext\YoruBlox-main\YoruBlox-main\Luau\source\lstate.h(21,5): error C4002: too many arguments for function-like macro invocation 'LUAVM_SHUFFLE3'
C:\Users\ourko\Downloads\nyxia_ext\YoruBlox-main\YoruBlox-main\Luau\source\lstate.h(31,5): error C4002: too many arguments for function-like macro invocation 'LUAVM_SHUFFLE4'
C:\Users\ourko\Downloads\nyxia_ext\YoruBlox-main\YoruBlox-main\Luau\source\lstate.h(149,5): error C4002: too many arguments for function-like macro invocation 'LUAVM_SHUFFLE5'
C:\Users\ourko\Downloads\nyxia_ext\YoruBlox-main\YoruBlox-main\Luau\source\lstate.h(164,5): error C4002: too many arguments for function-like macro invocation 'LUAVM_SHUFFLE5'
C:\Users\ourko\Downloads\nyxia_ext\YoruBlox-main\YoruBlox-main\Luau\source\lstate.h(209,5): error C4002: too many arguments for function-like macro invocation 'LUAVM_SHUFFLE6'
C:\Users\ourko\Downloads\nyxia_ext\YoruBlox-main\YoruBlox-main\Luau\source\lvmexecute.cpp(468,36): warning C4312: 'type cast': conversion from 'int' to 'TValue *' of greater size
  lvmload.cpp
C:\Users\ourko\Downloads\nyxia_ext\YoruBlox-main\YoruBlox-main\Luau\source\lobject.h(104,28): warning C4244: 'return': conversion from 'uintptr_t' to 'int', possible loss of data
C:\Users\ourko\Downloads\nyxia_ext\YoruBlox-main\YoruBlox-main\Luau\source\lobject.h(511,5): error C4002: too many arguments for function-like macro invocation 'LUAVM_SHUFFLE5'
C:\Users\ourko\Downloads\nyxia_ext\YoruBlox-main\YoruBlox-main\Luau\source\lobject.h(527,5): error C4002: too many arguments for function-like macro invocation 'LUAVM_SHUFFLE4'
C:\Users\ourko\Downloads\nyxia_ext\YoruBlox-main\YoruBlox-main\Luau\source\lstate.h(21,5): error C4002: too many arguments for function-like macro invocation 'LUAVM_SHUFFLE3'
C:\Users\ourko\Downloads\nyxia_ext\YoruBlox-main\YoruBlox-main\Luau\source\lstate.h(31,5): error C4002: too many arguments for function-like macro invocation 'LUAVM_SHUFFLE4'
C:\Users\ourko\Downloads\nyxia_ext\YoruBlox-main\YoruBlox-main\Luau\source\lstate.h(149,5): error C4002: too many arguments for function-like macro invocation 'LUAVM_SHUFFLE5'
C:\Users\ourko\Downloads\nyxia_ext\YoruBlox-main\YoruBlox-main\Luau\source\lstate.h(164,5): error C4002: too many arguments for function-like macro invocation 'LUAVM_SHUFFLE5'
C:\Users\ourko\Downloads\nyxia_ext\YoruBlox-main\YoruBlox-main\Luau\source\lstate.h(209,5): error C4002: too many arguments for function-like macro invocation 'LUAVM_SHUFFLE6'
  lvmutils.cpp
C:\Users\ourko\Downloads\nyxia_ext\YoruBlox-main\YoruBlox-main\Luau\source\lobject.h(104,28): warning C4244: 'return': conversion from 'uintptr_t' to 'int', possible loss of data
C:\Users\ourko\Downloads\nyxia_ext\YoruBlox-main\YoruBlox-main\Luau\source\lobject.h(511,5): error C4002: too many arguments for function-like macro invocation 'LUAVM_SHUFFLE5'
C:\Users\ourko\Downloads\nyxia_ext\YoruBlox-main\YoruBlox-main\Luau\source\lobject.h(527,5): error C4002: too many arguments for function-like macro invocation 'LUAVM_SHUFFLE4'
C:\Users\ourko\Downloads\nyxia_ext\YoruBlox-main\YoruBlox-main\Luau\source\lstate.h(21,5): error C4002: too many arguments for function-like macro invocation 'LUAVM_SHUFFLE3'
C:\Users\ourko\Downloads\nyxia_ext\YoruBlox-main\YoruBlox-main\Luau\source\lstate.h(31,5): error C4002: too many arguments for function-like macro invocation 'LUAVM_SHUFFLE4'
C:\Users\ourko\Downloads\nyxia_ext\YoruBlox-main\YoruBlox-main\Luau\source\lstate.h(149,5): error C4002: too many arguments for function-like macro invocation 'LUAVM_SHUFFLE5'
C:\Users\ourko\Downloads\nyxia_ext\YoruBlox-main\YoruBlox-main\Luau\source\lstate.h(164,5): error C4002: too many arguments for function-like macro invocation 'LUAVM_SHUFFLE5'
C:\Users\ourko\Downloads\nyxia_ext\YoruBlox-main\YoruBlox-main\Luau\source\lstate.h(209,5): error C4002: too many arguments for function-like macro invocation 'LUAVM_SHUFFLE6'
C:\Users\ourko\Downloads\nyxia_ext\YoruBlox-main\YoruBlox-main\Luau\source\lvmutils.cpp(108,24): warning C4312: 'type cast': conversion from 'int' to 'TValue *' of greater size
C:\Users\ourko\Downloads\nyxia_ext\YoruBlox-main\YoruBlox-main\Luau\source\lvmutils.cpp(151,34): warning C4312: 'type cast': conversion from 'int' to 'TValue *' of greater size
C:\Users\ourko\Downloads\nyxia_ext\YoruBlox-main\YoruBlox-main\Luau\source\lvmutils.cpp(512,42): warning C4312: 'type cast': conversion from 'int' to 'TValue *' of greater size
  intel_driver.cpp
  kdmapper.cpp
  portable_executable.cpp
  service.cpp
  utils.cpp
  Bridge.cpp
C:\Users\ourko\Downloads\nyxia_ext\YoruBlox-main\YoruBlox-main\Roblox\Bridge\Bridge.cpp(8,1): error C1083: Cannot open include file: 'cpr/cpr.h': No such file or directory
  DataModel.cpp
  RobloxInstance.cpp
C:\Users\ourko\Downloads\nyxia_ext\YoruBlox-main\YoruBlox-main\Roblox\Instance\RobloxInstance.cpp(8,1): error C1083: Cannot open include file: 'xxhash.h': No such file or directory
  Compiling...
  LuaState.cpp
C:\Users\ourko\Downloads\nyxia_ext\YoruBlox-main\YoruBlox-main\Roblox\Lua State\externs.h(24,103): warning C4200: nonstandard extension used: zero-sized array in struct/union
